<?xml version="1.0" encoding="UTF-8" ?>
<testsuite failures="0" time="4.129" errors="0" skipped="0" tests="1" name="com.lmei.ssm.test.TestMyBatisSpring">
  <properties>
    <property name="java.runtime.name" value="Java(TM) SE Runtime Environment"/>
    <property name="sun.boot.library.path" value="F:\Program Files (x86)\Java\jdk1.7.0_79\jre\bin"/>
    <property name="java.vm.version" value="24.79-b02"/>
    <property name="java.vm.vendor" value="Oracle Corporation"/>
    <property name="maven.multiModuleProjectDirectory" value="F:\毕业论文\SSM01"/>
    <property name="java.vendor.url" value="http://java.oracle.com/"/>
    <property name="path.separator" value=";"/>
    <property name="guice.disable.misplaced.annotation.check" value="true"/>
    <property name="java.vm.name" value="Java HotSpot(TM) Client VM"/>
    <property name="file.encoding.pkg" value="sun.io"/>
    <property name="user.script" value=""/>
    <property name="user.country" value="CN"/>
    <property name="sun.java.launcher" value="SUN_STANDARD"/>
    <property name="sun.os.patch.level" value=""/>
    <property name="java.vm.specification.name" value="Java Virtual Machine Specification"/>
    <property name="user.dir" value="F:\毕业论文\SSM01"/>
    <property name="java.runtime.version" value="1.7.0_79-b15"/>
    <property name="java.awt.graphicsenv" value="sun.awt.Win32GraphicsEnvironment"/>
    <property name="java.endorsed.dirs" value="F:\Program Files (x86)\Java\jdk1.7.0_79\jre\lib\endorsed"/>
    <property name="os.arch" value="x86"/>
    <property name="java.io.tmpdir" value="C:\Users\asus\AppData\Local\Temp\"/>
    <property name="line.separator" value="
"/>
    <property name="java.vm.specification.vendor" value="Oracle Corporation"/>
    <property name="user.variant" value=""/>
    <property name="os.name" value="Windows 8.1"/>
    <property name="classworlds.conf" value="D:\Users\asus\eclipse-workspace\.metadata\.plugins\org.eclipse.m2e.launching\launches\m2conf6893161751947876722.tmp"/>
    <property name="sun.jnu.encoding" value="GBK"/>
    <property name="java.library.path" value="F:\Program Files (x86)\Java\jdk1.7.0_79\bin;C:\WINDOWS\Sun\Java\bin;C:\WINDOWS\system32;C:\WINDOWS;F:/Program Files/Java/jre1.8/bin/server;F:/Program Files/Java/jre1.8/bin;F:/Program Files/Java/jre1.8/lib/amd64;D:\python\;D:\python\Scripts;G:\Program Files\NVIDIA GPU Computing Toolkit\CUDA\v9.0\bin;G:\Program Files\NVIDIA GPU Computing Toolkit\CUDA\v9.0\libnvvp;C:\ProgramData\Oracle\Java\javapath;G:\app\asus\product\11.2.0\dbhome_2\bin;G:\app\asus\product\11.2.0\dbhome_1\bin;D:\Program Files (x86)\Borland\CBuilder6\Bin;D:\Program Files (x86)\Borland\CBuilder6\Projects\Bpl;C:\Program Files (x86)\PxMEWNET;D:\BuddyRobot\IAR\common\bin;C:\WINDOWS\system32;C:\WINDOWS;C:\WINDOWS\system32\wbem;C:\Program Files (x86)\NAiS MEWNET;D:\Program Files (x86)\AlphaControls;G:\app\asus\product\instantclient_11_2;.;F:\Program Files (x86)\Java\jdk1.7.0_79\bin;F:\Program Files (x86)\Java\jre7\bin;G:\Program Files\Apache Software Foundation\Tomcat 7.0\bin;D:\Program Files (x86)\AlphaControls;F:\Program Files\MySQL\MySQL Utilities 1.3.4\;F:\Program Files\EmEditor;F:\Android\android-sdk\tools;F:\Android\android-sdks\platform-tools;F:\OpenSSL-Win64\bin;F:\his\android-ndk-r9d;F:\Program Files\MySQL\MySQL Server 5.6\bin;F:\Program Files\TortoiseSVN\bin;D:\python;D:\python\Scripts;C:\Program Files (x86)\NVIDIA Corporation\PhysX\Common;C:\Program Files\Microsoft SQL Server\110\Tools\Binn\;C:\Program Files\Microsoft\Web Platform Installer\;C:\Program Files (x86)\Microsoft ASP.NET\ASP.NET Web Pages\v1.0\;D:\python\Lib\site-packages\theano;D:\Program Files\mingw-w64\mingw64\bin;G:\Program Files\NVIDIA GPU Computing Toolkit\CUDA\v9.0\lib\x64;G:\Program Files\NVIDIA GPU Computing Toolkit\CUDA\v9.0\bin;G:\ProgramData\NVIDIA Corporation\CUDA Samples\v9.0\common\common\lib\x64;G:\ProgramData\NVIDIA Corporation\CUDA Samples\v9.0\common\bin\x64;F:\opencv\build\x86\vc11\bin;F:\opencv\build\x64\vc11\bin;C:\Program Files (x86)\Windows Kits\8.0\Windows Performance Toolkit\;D:\Program Files (x86)\Windows Kits\8.1\Windows Performance Toolkit\;G:\Program Files\MATLAB\R2014a\runtime\win64;G:\Program Files\MATLAB\R2014a\bin;G:\Program Files\MATLAB\R2014a\polyspace\bin;F:\Git\cmd;D:\Program Files\CMake\bin;F:\Program Files (x86)\Microsoft Visual Studio 11.0\VC\bin\amd64;%MAVEN_HOME%\bin;F:\Dev-Cpp\MinGW64\bin;D:\Program Files (x86)\AlphaControls;G:\app\asus\product\instantclient_11_2;F:\his\apache-maven-3.2.1-bin\apache-maven-3.2.1\bin;F:\Android\android-sdk\tools;F:\Android\android-sdk\platform-tools;C:\Users\asus\.m2\repository;;C:\Users\asus\Desktop;;."/>
    <property name="java.specification.name" value="Java Platform API Specification"/>
    <property name="java.class.version" value="51.0"/>
    <property name="sun.management.compiler" value="HotSpot Client Compiler"/>
    <property name="os.version" value="6.3"/>
    <property name="user.home" value="C:\Users\asus"/>
    <property name="user.timezone" value="Asia/Shanghai"/>
    <property name="java.awt.printerjob" value="sun.awt.windows.WPrinterJob"/>
    <property name="java.specification.version" value="1.7"/>
    <property name="file.encoding" value="GBK"/>
    <property name="user.name" value="asus"/>
    <property name="java.class.path" value="C:\Users\asus\.p2\pool\plugins\org.eclipse.m2e.maven.runtime_1.8.2.20171007-0216\jars\plexus-classworlds-2.5.2.jar"/>
    <property name="java.vm.specification.version" value="1.7"/>
    <property name="sun.arch.data.model" value="32"/>
    <property name="java.home" value="F:\Program Files (x86)\Java\jdk1.7.0_79\jre"/>
    <property name="sun.java.command" value="org.codehaus.plexus.classworlds.launcher.Launcher -B -gs D:\apache-maven-3.5.2\conf\settings.xml -s D:\apache-maven-3.5.2\conf\settings.xml install"/>
    <property name="java.specification.vendor" value="Oracle Corporation"/>
    <property name="user.language" value="zh"/>
    <property name="awt.toolkit" value="sun.awt.windows.WToolkit"/>
    <property name="java.vm.info" value="mixed mode, sharing"/>
    <property name="java.version" value="1.7.0_79"/>
    <property name="java.ext.dirs" value="F:\Program Files (x86)\Java\jdk1.7.0_79\jre\lib\ext;C:\WINDOWS\Sun\Java\lib\ext"/>
    <property name="sun.boot.class.path" value="F:\Program Files (x86)\Java\jdk1.7.0_79\jre\lib\resources.jar;F:\Program Files (x86)\Java\jdk1.7.0_79\jre\lib\rt.jar;F:\Program Files (x86)\Java\jdk1.7.0_79\jre\lib\sunrsasign.jar;F:\Program Files (x86)\Java\jdk1.7.0_79\jre\lib\jsse.jar;F:\Program Files (x86)\Java\jdk1.7.0_79\jre\lib\jce.jar;F:\Program Files (x86)\Java\jdk1.7.0_79\jre\lib\charsets.jar;F:\Program Files (x86)\Java\jdk1.7.0_79\jre\lib\jfr.jar;F:\Program Files (x86)\Java\jdk1.7.0_79\jre\classes"/>
    <property name="java.vendor" value="Oracle Corporation"/>
    <property name="maven.home" value="F:\毕业论文\SSM01\EMBEDDED"/>
    <property name="file.separator" value="\"/>
    <property name="java.vendor.url.bug" value="http://bugreport.sun.com/bugreport/"/>
    <property name="sun.cpu.endian" value="little"/>
    <property name="sun.io.unicode.encoding" value="UnicodeLittle"/>
    <property name="sun.desktop" value="windows"/>
    <property name="sun.cpu.isalist" value="pentium_pro+mmx pentium_pro pentium+mmx pentium i486 i386 i86"/>
  </properties>
  <testcase time="4.129" classname="com.lmei.ssm.test.TestMyBatisSpring" name="test"/>
</testsuite>